This is pdfTeX, Version 3.1415926-2.5-1.40.14 (TeX Live 2013/Debian) (format=pdflatex 2015.3.16)  12 DEC 2016 10:42
entering extended mode
 restricted \write18 enabled.
 %&-line parsing enabled.
**present.tex
(/usr/share/texlive/texmf-dist/tex/plain/present/present.tex
LaTeX2e <2011/06/27>
Babel <3.9h> and hyphenation patterns for 78 languages loaded.
\wl@stpage=\write3
\rl@stpage=\read1
RUN AGAIN to get correct number of last page!
\vsh@ft=\dimen102
\hsh@ft=\dimen103
\colst@ck=\count79

! Undefined control sequence.
l.258 \footline
               {}	% Set some
? X
 
Here is how much of TeX's memory you used:
 70 strings out of 493304
 740 string characters out of 6139871
 51880 words of memory out of 5000000
 3616 multiletter control sequences out of 15000+600000
 7683 words of font info for 28 fonts, out of 8000000 for 9000
 957 hyphenation exceptions out of 8191
 5i,0n,8p,140b,8s stack positions out of 5000i,500n,10000p,200000b,80000s
No pages of output.
PDF statistics:
 0 PDF objects out of 1000 (max. 8388607)
 0 named destinations out of 1000 (max. 500000)
 1 words of extra memory for PDF output out of 10000 (max. 10000000)

